Running with dbt=1.11.2
Registered adapter: snowflake=1.11.1
Found 8 models, 1 analysis, 15 data tests, 1 operation, 2 snapshots, 1 seed, 3 sources, 1 exposure, 920 macros, 1 unit test

Concurrency: 1 threads (target='dev')

1 of 1 START hook: airbnb.on-run-start.0 ....................................... [RUN]
1 of 1 OK hook: airbnb.on-run-start.0 .......................................... [[32mOK[0m in 0.36s]

1 of 27 START seed file DEV.seed_full_moon_dates ............................... [RUN]
1 of 27 OK loaded seed file DEV.seed_full_moon_dates ........................... [[32mINSERT 272[0m in 1.97s]
2 of 27 START snapshot DEV.scd_raw_hosts ....................................... [RUN]
2 of 27 OK snapshotted DEV.scd_raw_hosts ....................................... [[32mSUCCESS 0[0m in 3.10s]
3 of 27 START test dbt_expectations_source_expect_column_distinct_count_to_equal_airbnb_listings_room_type__4  [RUN]
3 of 27 PASS dbt_expectations_source_expect_column_distinct_count_to_equal_airbnb_listings_room_type__4  [[32mPASS[0m in 1.04s]
4 of 27 START test dbt_expectations_source_expect_column_values_to_match_regex_airbnb_listings_price___0_9_0_9_  [RUN]
4 of 27 PASS dbt_expectations_source_expect_column_values_to_match_regex_airbnb_listings_price___0_9_0_9_  [[32mPASS[0m in 0.67s]
5 of 27 START sql view model DEV.dim_hosts_cleansed ............................ [RUN]
5 of 27 OK created sql view model DEV.dim_hosts_cleansed ....................... [[32mSUCCESS 1[0m in 1.05s]
6 of 27 START sql incremental model DEV.fct_reviews ............................ [RUN]
Loading AIRBNB.DEV.fct_reviews incrementally (all missing dates)
6 of 27 OK created sql incremental model DEV.fct_reviews ....................... [[32mSUCCESS 0[0m in 1.60s]
7 of 27 START snapshot DEV.scd_raw_listings .................................... [RUN]
7 of 27 OK snapshotted DEV.scd_raw_listings .................................... [[32mSUCCESS 0[0m in 2.44s]
9 of 27 START unit_test mart_full_moon_reviews::unittest_fullmoon_matcher ...... [RUN]
9 of 27 PASS mart_full_moon_reviews::unittest_fullmoon_matcher ................. [[32mPASS[0m in 1.10s]
10 of 27 START sql table model DEV.mart_full_moon_reviews ...................... [RUN]
10 of 27 OK created sql table model DEV.mart_full_moon_reviews ................. [[32mSUCCESS 1[0m in 2.52s]
8 of 27 START sql view model DEV.dim_listings_cleansed ......................... [RUN]
8 of 27 OK created sql view model DEV.dim_listings_cleansed .................... [[32mSUCCESS 1[0m in 0.71s]
11 of 27 START test accepted_values_dim_listings_cleansed_room_type__Entire_home_apt__Private_room__Shared_room__Hotel_room  [RUN]
11 of 27 PASS accepted_values_dim_listings_cleansed_room_type__Entire_home_apt__Private_room__Shared_room__Hotel_room  [[32mPASS[0m in 0.66s]
12 of 27 START test consistent_created_at ...................................... [RUN]
12 of 27 PASS consistent_created_at ............................................ [[32mPASS[0m in 0.78s]
13 of 27 START test dim_listings_minimum_nights ................................ [RUN]
13 of 27 PASS dim_listings_minimum_nights ...................................... [[32mPASS[0m in 0.61s]
14 of 27 START test minimum_row_count_dim_listings_cleansed_1000000 ............ [RUN]
14 of 27 WARN 1 minimum_row_count_dim_listings_cleansed_1000000 ................ [[33mWARN 1[0m in 0.83s]
15 of 27 START test not_null_dim_listings_cleansed_host_id ..................... [RUN]
15 of 27 PASS not_null_dim_listings_cleansed_host_id ........................... [[32mPASS[0m in 0.61s]
16 of 27 START test not_null_dim_listings_cleansed_listing_id .................. [RUN]
16 of 27 PASS not_null_dim_listings_cleansed_listing_id ........................ [[32mPASS[0m in 0.62s]
17 of 27 START test positive_values_dim_listings_cleansed_minimum_nights ....... [RUN]
17 of 27 PASS positive_values_dim_listings_cleansed_minimum_nights ............. [[32mPASS[0m in 0.62s]
18 of 27 START test relationships_dim_listings_cleansed_host_id__host_id__ref_dim_hosts_cleansed_  [RUN]
18 of 27 PASS relationships_dim_listings_cleansed_host_id__host_id__ref_dim_hosts_cleansed_  [[32mPASS[0m in 0.69s]
19 of 27 START test unique_dim_listings_cleansed_listing_id .................... [RUN]
19 of 27 PASS unique_dim_listings_cleansed_listing_id .......................... [[32mPASS[0m in 0.67s]
20 of 27 START sql table model DEV.dim_listings_with_hosts ..................... [RUN]
20 of 27 OK created sql table model DEV.dim_listings_with_hosts ................ [[32mSUCCESS 1[0m in 1.83s]
21 of 27 NO-OP exposure executive_dashboard .................................... [[33mNO-OP[0m in 0.00s]
22 of 27 START test dbt_expectations_expect_column_max_to_be_between_dim_listings_with_hosts_price__5000__1  [RUN]
22 of 27 WARN 1 dbt_expectations_expect_column_max_to_be_between_dim_listings_with_hosts_price__5000__1  [[33mWARN 1[0m in 0.96s]
23 of 27 START test dbt_expectations_expect_column_quantile_values_to_be_between_dim_listings_with_hosts_price__1000__1__0_99  [RUN]
23 of 27 PASS dbt_expectations_expect_column_quantile_values_to_be_between_dim_listings_with_hosts_price__1000__1__0_99  [[32mPASS[0m in 0.72s]
24 of 27 START test dbt_expectations_expect_column_values_to_be_of_type_dim_listings_with_hosts_price__number  [RUN]
24 of 27 PASS dbt_expectations_expect_column_values_to_be_of_type_dim_listings_with_hosts_price__number  [[32mPASS[0m in 0.86s]
25 of 27 START test dbt_expectations_expect_table_row_count_to_equal_other_table_dim_listings_with_hosts_source_airbnb_listings_  [RUN]
25 of 27 PASS dbt_expectations_expect_table_row_count_to_equal_other_table_dim_listings_with_hosts_source_airbnb_listings_  [[32mPASS[0m in 0.92s]

Finished running 1 exposure, 1 incremental model, 1 project hook, 1 seed, 2 snapshots, 2 table models, 15 data tests, 1 unit test, 2 view models in 0 hours 0 minutes and 30.84 seconds (30.84s).

[33mCompleted with 2 warnings:[0m

[33mWarning in test minimum_row_count_dim_listings_cleansed_1000000 (models/schema.yml)[0m
Got 1 result, configured to warn if != 0

  compiled code at target/airbnb_dbt_assets-6917ef9-d73689c/compiled/airbnb/models/schema.yml/minimum_row_count_dim_listings_cleansed_1000000.sql

  See test failures:
  -----------------------------------------------------------------------------------
  select * from AIRBNB.DEV_test_audit.minimum_row_count_dim_listings_cleansed_1000000
  -----------------------------------------------------------------------------------

[33mWarning in test dbt_expectations_expect_column_max_to_be_between_dim_listings_with_hosts_price__5000__1 (models/schema.yml)[0m
Got 1 result, configured to warn if != 0

  compiled code at target/airbnb_dbt_assets-6917ef9-d73689c/compiled/airbnb/models/schema.yml/dbt_expectations_expect_column_4b8d5d07b615fd820b65a5b67c85bf52.sql

  See test failures:
  ---------------------------------------------------------------------------------------------------
  select * from AIRBNB.DEV_test_audit.dbt_expectations_expect_column_4b8d5d07b615fd820b65a5b67c85bf52
  ---------------------------------------------------------------------------------------------------

Done. PASS=23 WARN=2 ERROR=0 SKIP=0 NO-OP=1 TOTAL=26
