[0m22:14:07.138796 [debug] [MainThread]: Sending event: {'category': 'dbt', 'action': 'invocation', 'label': 'start', 'context': [<snowplow_tracker.self_describing_json.SelfDescribingJson object at 0x7c9c905eba10>, <snowplow_tracker.self_describing_json.SelfDescribingJson object at 0x7c9c91d94050>, <snowplow_tracker.self_describing_json.SelfDescribingJson object at 0x7c9c8f267c50>]}


============================== 22:14:07.152307 | 15182977-f30b-490f-849b-cfba3a83c693 ==============================
[0m22:14:07.152307 [info ] [MainThread]: Running with dbt=1.11.2
[0m22:14:07.153405 [debug] [MainThread]: running dbt with arguments {'debug': 'False', 'warn_error': 'None', 'log_path': 'logs', 'empty': 'None', 'send_anonymous_usage_stats': 'True', 'write_json': 'True', 'use_experimental_parser': 'False', 'invocation_command': 'dbt init --skip-profile-setup airbnb', 'indirect_selection': 'eager', 'profiles_dir': '/home/vscode/.dbt', 'version_check': 'True', 'quiet': 'False', 'printer_width': '80', 'log_cache_events': 'False', 'log_format': 'default', 'no_print': 'None', 'use_colors': 'True', 'introspect': 'True', 'warn_error_options': 'WarnErrorOptionsV2(error=[], warn=[], silence=[])', 'fail_fast': 'False', 'partial_parse': 'True', 'static_parser': 'True', 'target_path': 'None', 'cache_selected_only': 'False'}
[0m22:14:07.264093 [info ] [MainThread]: Creating dbt configuration folder at /home/vscode/.dbt
[0m22:14:07.268193 [debug] [MainThread]: Starter project path: /workspaces/dbt-course/.venv/lib/python3.13/site-packages/dbt/include/starter_project
[0m22:14:07.277275 [info ] [MainThread]: 
Your new dbt project "airbnb" was created!

For more information on how to configure the profiles.yml file,
please consult the dbt documentation here:

  https://docs.getdbt.com/docs/configure-your-profile

One more thing:

Need help? Don't hesitate to reach out to us via GitHub issues or on Slack:

  https://community.getdbt.com/

Happy modeling!

[0m22:14:07.279387 [debug] [MainThread]: Resource report: {"command_name": "init", "command_success": true, "command_wall_clock_time": 0.22276604, "process_in_blocks": "4840", "process_kernel_time": 0.271621, "process_mem_max_rss": "101632", "process_out_blocks": "744", "process_user_time": 1.921944}
[0m22:14:07.279969 [debug] [MainThread]: Command `dbt init` succeeded at 22:14:07.279854 after 0.22 seconds
[0m22:14:07.280386 [debug] [MainThread]: Sending event: {'category': 'dbt', 'action': 'invocation', 'label': 'end', 'context': [<snowplow_tracker.self_describing_json.SelfDescribingJson object at 0x7c9c8f150180>, <snowplow_tracker.self_describing_json.SelfDescribingJson object at 0x7c9c8f1bd7f0>, <snowplow_tracker.self_describing_json.SelfDescribingJson object at 0x7c9c8f4038a0>]}
[0m22:14:07.280891 [debug] [MainThread]: Flushing usage events
[0m22:14:08.135368 [debug] [MainThread]: An error was encountered while trying to flush usage events
[0m02:47:49.021189 [debug] [MainThread]: Sending event: {'category': 'dbt', 'action': 'invocation', 'label': 'start', 'context': [<snowplow_tracker.self_describing_json.SelfDescribingJson object at 0x76075d5e3a10>, <snowplow_tracker.self_describing_json.SelfDescribingJson object at 0x76075ed10050>, <snowplow_tracker.self_describing_json.SelfDescribingJson object at 0x76075c29fc50>]}


============================== 02:47:49.097453 | 72a8e317-5f24-4226-89d6-9c96f5617b1d ==============================
[0m02:47:49.097453 [info ] [MainThread]: Running with dbt=1.11.2
[0m02:47:49.098252 [debug] [MainThread]: running dbt with arguments {'debug': 'False', 'use_colors': 'True', 'use_experimental_parser': 'False', 'target_path': 'None', 'invocation_command': 'dbt run', 'quiet': 'False', 'version_check': 'True', 'send_anonymous_usage_stats': 'True', 'indirect_selection': 'eager', 'warn_error': 'None', 'no_print': 'None', 'log_path': 'logs', 'write_json': 'True', 'introspect': 'True', 'static_parser': 'True', 'profiles_dir': '/home/vscode/.dbt', 'empty': 'False', 'fail_fast': 'False', 'log_cache_events': 'False', 'printer_width': '80', 'log_format': 'default', 'cache_selected_only': 'False', 'warn_error_options': 'WarnErrorOptionsV2(error=[], warn=[], silence=[])', 'partial_parse': 'True'}
[0m02:47:49.098891 [error] [MainThread]: Encountered an error:
Runtime Error
  No dbt_project.yml found at expected path /workspaces/dbt-course/dbt_project.yml
  Verify that each entry within packages.yml (and their transitive dependencies) contains a file named dbt_project.yml
  
[0m02:47:49.100999 [debug] [MainThread]: Resource report: {"command_name": "run", "command_success": false, "command_wall_clock_time": 0.15373741, "process_in_blocks": "38480", "process_kernel_time": 0.316314, "process_mem_max_rss": "100640", "process_out_blocks": "16", "process_user_time": 1.710661}
[0m02:47:49.101567 [debug] [MainThread]: Command `dbt run` failed at 02:47:49.101459 after 0.15 seconds
[0m02:47:49.101964 [debug] [MainThread]: Sending event: {'category': 'dbt', 'action': 'invocation', 'label': 'end', 'context': [<snowplow_tracker.self_describing_json.SelfDescribingJson object at 0x76075c2aa9e0>, <snowplow_tracker.self_describing_json.SelfDescribingJson object at 0x76075c181010>, <snowplow_tracker.self_describing_json.SelfDescribingJson object at 0x76075c407ac0>]}
[0m02:47:49.102405 [debug] [MainThread]: Flushing usage events
[0m02:47:50.366491 [debug] [MainThread]: An error was encountered while trying to flush usage events
[0m02:37:07.436275 [debug] [MainThread]: Sending event: {'category': 'dbt', 'action': 'invocation', 'label': 'start', 'context': [<snowplow_tracker.self_describing_json.SelfDescribingJson object at 0x7d5f90be3a10>, <snowplow_tracker.self_describing_json.SelfDescribingJson object at 0x7d5f92378050>, <snowplow_tracker.self_describing_json.SelfDescribingJson object at 0x7d5f8f89fc50>]}


============================== 02:37:07.497889 | 6d08eab1-693b-424c-8094-d6947eba10ef ==============================
[0m02:37:07.497889 [info ] [MainThread]: Running with dbt=1.11.2
[0m02:37:07.498644 [debug] [MainThread]: running dbt with arguments {'quiet': 'False', 'log_cache_events': 'False', 'fail_fast': 'False', 'cache_selected_only': 'False', 'indirect_selection': 'eager', 'empty': 'False', 'introspect': 'True', 'invocation_command': 'dbt run', 'printer_width': '80', 'target_path': 'None', 'version_check': 'True', 'warn_error': 'None', 'warn_error_options': 'WarnErrorOptionsV2(error=[], warn=[], silence=[])', 'profiles_dir': '/home/vscode/.dbt', 'log_format': 'default', 'send_anonymous_usage_stats': 'True', 'no_print': 'None', 'debug': 'False', 'log_path': 'logs', 'write_json': 'True', 'use_experimental_parser': 'False', 'partial_parse': 'True', 'use_colors': 'True', 'static_parser': 'True'}
[0m02:37:07.499212 [error] [MainThread]: Encountered an error:
Runtime Error
  No dbt_project.yml found at expected path /workspaces/dbt-course/dbt_project.yml
  Verify that each entry within packages.yml (and their transitive dependencies) contains a file named dbt_project.yml
  
[0m02:37:07.501345 [debug] [MainThread]: Resource report: {"command_name": "run", "command_success": false, "command_wall_clock_time": 0.14006914, "process_in_blocks": "57672", "process_kernel_time": 0.304535, "process_mem_max_rss": "100780", "process_out_blocks": "8", "process_user_time": 1.68191}
[0m02:37:07.501894 [debug] [MainThread]: Command `dbt run` failed at 02:37:07.501756 after 0.14 seconds
[0m02:37:07.502304 [debug] [MainThread]: Sending event: {'category': 'dbt', 'action': 'invocation', 'label': 'end', 'context': [<snowplow_tracker.self_describing_json.SelfDescribingJson object at 0x7d5f8f8a69e0>, <snowplow_tracker.self_describing_json.SelfDescribingJson object at 0x7d5f8f781010>, <snowplow_tracker.self_describing_json.SelfDescribingJson object at 0x7d5f8fa03ac0>]}
[0m02:37:07.502726 [debug] [MainThread]: Flushing usage events
[0m02:37:08.526939 [debug] [MainThread]: An error was encountered while trying to flush usage events
[0m05:13:17.331541 [debug] [MainThread]: Sending event: {'category': 'dbt', 'action': 'invocation', 'label': 'start', 'context': [<snowplow_tracker.self_describing_json.SelfDescribingJson object at 0x775c3a6e3a10>, <snowplow_tracker.self_describing_json.SelfDescribingJson object at 0x775c3bea0050>, <snowplow_tracker.self_describing_json.SelfDescribingJson object at 0x775c3939b9d0>]}


============================== 05:13:17.345808 | 63a524b6-3bc1-4367-a28c-62c5a2ae7959 ==============================
[0m05:13:17.345808 [info ] [MainThread]: Running with dbt=1.11.2
[0m05:13:17.346759 [debug] [MainThread]: running dbt with arguments {'warn_error_options': 'WarnErrorOptionsV2(error=[], warn=[], silence=[])', 'profiles_dir': '/home/vscode/.dbt', 'printer_width': '80', 'introspect': 'True', 'static_parser': 'True', 'quiet': 'False', 'log_path': 'logs', 'log_cache_events': 'False', 'invocation_command': 'dbt docs generate', 'use_experimental_parser': 'False', 'cache_selected_only': 'False', 'indirect_selection': 'eager', 'write_json': 'True', 'warn_error': 'None', 'empty': 'None', 'partial_parse': 'True', 'use_colors': 'True', 'debug': 'False', 'fail_fast': 'False', 'target_path': 'None', 'version_check': 'True', 'no_print': 'None', 'send_anonymous_usage_stats': 'True', 'log_format': 'default'}
[0m05:13:17.347502 [error] [MainThread]: Encountered an error:
Runtime Error
  No dbt_project.yml found at expected path /workspaces/dbt-course/dbt_project.yml
  Verify that each entry within packages.yml (and their transitive dependencies) contains a file named dbt_project.yml
  
[0m05:13:17.349042 [debug] [MainThread]: Resource report: {"command_name": "generate", "command_success": false, "command_wall_clock_time": 0.10045139, "process_in_blocks": "0", "process_kernel_time": 0.277018, "process_mem_max_rss": "100840", "process_out_blocks": "16", "process_user_time": 1.821105}
[0m05:13:17.349815 [debug] [MainThread]: Command `dbt docs generate` failed at 05:13:17.349667 after 0.10 seconds
[0m05:13:17.350419 [debug] [MainThread]: Sending event: {'category': 'dbt', 'action': 'invocation', 'label': 'end', 'context': [<snowplow_tracker.self_describing_json.SelfDescribingJson object at 0x775c393a6b10>, <snowplow_tracker.self_describing_json.SelfDescribingJson object at 0x775c39281010>, <snowplow_tracker.self_describing_json.SelfDescribingJson object at 0x775c39507ac0>]}
[0m05:13:17.351051 [debug] [MainThread]: Flushing usage events
[0m05:13:18.198913 [debug] [MainThread]: An error was encountered while trying to flush usage events
[0m20:33:07.861606 [debug] [MainThread]: Sending event: {'category': 'dbt', 'action': 'invocation', 'label': 'start', 'context': [<snowplow_tracker.self_describing_json.SelfDescribingJson object at 0x7df6419eba10>, <snowplow_tracker.self_describing_json.SelfDescribingJson object at 0x7df643340050>, <snowplow_tracker.self_describing_json.SelfDescribingJson object at 0x7df6408bbc50>]}


============================== 20:33:07.911911 | c0932bdb-094f-4957-a6c7-31f7685e80cc ==============================
[0m20:33:07.911911 [info ] [MainThread]: Running with dbt=1.11.2
[0m20:33:07.912765 [debug] [MainThread]: running dbt with arguments {'indirect_selection': 'eager', 'use_colors': 'True', 'fail_fast': 'False', 'empty': 'False', 'write_json': 'True', 'use_experimental_parser': 'False', 'profiles_dir': '/home/vscode/.dbt', 'log_format': 'default', 'partial_parse': 'True', 'log_path': 'logs', 'warn_error': 'None', 'target_path': 'None', 'version_check': 'True', 'log_cache_events': 'False', 'cache_selected_only': 'False', 'introspect': 'True', 'quiet': 'False', 'printer_width': '80', 'warn_error_options': 'WarnErrorOptionsV2(error=[], warn=[], silence=[])', 'no_print': 'None', 'debug': 'False', 'static_parser': 'True', 'invocation_command': 'dbt compile', 'send_anonymous_usage_stats': 'True'}
[0m20:33:07.913861 [error] [MainThread]: Encountered an error:
Runtime Error
  No dbt_project.yml found at expected path /workspaces/dbt-course/dbt_project.yml
  Verify that each entry within packages.yml (and their transitive dependencies) contains a file named dbt_project.yml
  
[0m20:33:07.915514 [debug] [MainThread]: Resource report: {"command_name": "compile", "command_success": false, "command_wall_clock_time": 0.16662033, "process_in_blocks": "57664", "process_kernel_time": 0.315783, "process_mem_max_rss": "101032", "process_out_blocks": "8", "process_user_time": 1.849734}
[0m20:33:07.916400 [debug] [MainThread]: Command `dbt compile` failed at 20:33:07.916252 after 0.17 seconds
[0m20:33:07.917225 [debug] [MainThread]: Sending event: {'category': 'dbt', 'action': 'invocation', 'label': 'end', 'context': [<snowplow_tracker.self_describing_json.SelfDescribingJson object at 0x7df6408ca9e0>, <snowplow_tracker.self_describing_json.SelfDescribingJson object at 0x7df640839010>, <snowplow_tracker.self_describing_json.SelfDescribingJson object at 0x7df640a07ac0>]}
[0m20:33:07.917938 [debug] [MainThread]: Flushing usage events
[0m20:33:08.774493 [debug] [MainThread]: An error was encountered while trying to flush usage events
